2024-10-17 15:20:34 0 [Note] Starting MariaDB 10.11.6-MariaDB source revision fecd78b83785d5ae96f2c6ff340375be803cd299 as process 78
2024-10-17 15:20:34 0 [ERROR] mariadbd: File '/var/lib/mysql/aria_log_control' not found (Errcode: 13 "Permission denied")
2024-10-17 15:20:34 0 [ERROR] mariadbd: Got error 'Can't open file' when trying to use aria control file '/var/lib/mysql/aria_log_control'
2024-10-17 15:20:34 0 [ERROR] Plugin 'Aria' registration as a STORAGE ENGINE failed.
2024-10-17 15:20:34 0 [Note] InnoDB: Compressed tables use zlib 1.3.1
2024-10-17 15:20:34 0 [Note] InnoDB: Number of transaction pools: 1
2024-10-17 15:20:34 0 [Note] InnoDB: Using crc32 + pclmulqdq instructions
2024-10-17 15:20:34 0 [Note] mariadbd: O_TMPFILE is not supported on /var/tmp (disabling future attempts)
2024-10-17 15:20:34 0 [Note] InnoDB: Using Linux native AIO
2024-10-17 15:20:34 0 [Note] InnoDB: Initializing buffer pool, total size = 128.000MiB, chunk size = 2.000MiB
2024-10-17 15:20:34 0 [Note] InnoDB: Completed initialization of buffer pool
2024-10-17 15:20:34 0 [Note] InnoDB: File system buffers for log disabled (block size=512 bytes)
2024-10-17 15:20:34 0 [Note] InnoDB: End of log at LSN=46996
2024-10-17 15:20:34 0 [Note] InnoDB: 128 rollback segments are active.
2024-10-17 15:20:34 0 [Note] InnoDB: Setting file './ibtmp1' size to 12.000MiB. Physically writing the file full; Please wait ...
2024-10-17 15:20:34 0 [Note] InnoDB: File './ibtmp1' size is now 12.000MiB.
2024-10-17 15:20:34 0 [Note] InnoDB: log sequence number 46996; transaction id 15
2024-10-17 15:20:34 0 [Note] Plugin 'FEEDBACK' is disabled.
2024-10-17 15:20:34 0 [Note] InnoDB: Loading buffer pool(s) from /var/lib/mysql/ib_buffer_pool
2024-10-17 15:20:34 0 [ERROR] Could not open mysql.plugin table: "Unknown storage engine 'Aria'". Some plugins may be not loaded
2024-10-17 15:20:34 0 [ERROR] Failed to initialize plugins.
2024-10-17 15:20:34 0 [ERROR] Aborting
